[15Dec2024 00:00:12.293] [Server thread/INFO] [net.minecraft.server.MinecraftServer/]: [Not Secure] <Topy_16> ve recto
[15Dec2024 00:00:32.695] [Server thread/INFO] [net.minecraft.server.MinecraftServer/]: [Not Secure] <Maufer772> tan raido llegaron
[15Dec2024 00:00:35.285] [Server thread/INFO] [net.minecraft.server.MinecraftServer/]: [Not Secure] <Topy_16> si XD
[15Dec2024 00:01:48.495] [Server thread/INFO] [net.minecraft.server.MinecraftServer/]: [Not Secure] <Maufer772> umm
[15Dec2024 00:01:52.845] [Server thread/INFO] [net.minecraft.server.MinecraftServer/]: [Not Secure] <Topy_16> vamos juntos
[15Dec2024 00:02:08.343] [Server thread/INFO] [net.minecraft.server.MinecraftServer/]: mimy_pl has made the advancement [Isn't It Iron Pick]
[15Dec2024 00:03:06.064] [Server thread/INFO] [net.minecraft.server.MinecraftServer/]: [Not Secure] <Topy_16> duerme mauri
[15Dec2024 00:03:14.937] [Server thread/INFO] [net.minecraft.server.MinecraftServer/]: [Not Secure] <Maufer772> si
[15Dec2024 00:04:54.444] [Server thread/INFO] [net.minecraft.server.MinecraftServer/]: [Not Secure] <Maufer772> re chico el bioma xd
[15Dec2024 00:05:17.288] [Server thread/INFO] [net.minecraft.server.MinecraftServer/]: [Not Secure] <Topy_16> ven pe
[15Dec2024 00:05:18.241] [Server thread/INFO] [net.minecraft.server.MinecraftServer/]: [Not Secure] <Topy_16> :v
[15Dec2024 00:05:21.901] [Server thread/INFO] [net.minecraft.server.MinecraftServer/]: [Not Secure] <Maufer772> ya llego
[15Dec2024 00:05:41.334] [Server thread/INFO] [net.minecraft.server.MinecraftServer/]: [Not Secure] <Topy_16> ciclope
[15Dec2024 00:06:02.092] [Server thread/INFO] [net.minecraft.server.MinecraftServer/]: [Not Secure] <Maufer772> xd
[15Dec2024 00:06:24.640] [Server thread/INFO] [net.minecraft.server.MinecraftServer/]: [Not Secure] <Topy_16> donde XD
[15Dec2024 00:06:51.729] [Server thread/INFO] [net.minecraft.server.MinecraftServer/]: [Not Secure] <Topy_16> un ciclopeee XD
[15Dec2024 00:07:34.179] [Server thread/INFO] [net.minecraft.server.MinecraftServer/]: [Not Secure] <Topy_16> aca?
[15Dec2024 00:07:47.958] [Server thread/INFO] [net.minecraft.server.MinecraftServer/]: [Not Secure] <Maufer772> si
[15Dec2024 00:08:00.785] [Server thread/INFO] [net.minecraft.server.MinecraftServer/]: [Not Secure] <Maufer772> matamos los mounstruos y listo
[15Dec2024 00:08:08.815] [Server thread/INFO] [net.minecraft.server.MinecraftServer/]: [Not Secure] <Topy_16> XD okok casa aca?
[15Dec2024 00:08:17.158] [Server thread/INFO] [net.minecraft.server.MinecraftServer/]: [Not Secure] <Maufer772> yes
[15Dec2024 00:09:44.694] [Server thread/INFO] [net.minecraft.server.MinecraftServer/]: [Not Secure] <Maufer772> no s epuede abrir xd
[15Dec2024 00:10:32.730] [Server thread/INFO] [net.minecraft.server.MinecraftServer/]: Maufer772 has made the advancement [Bypassing the Expiration Date]
[15Dec2024 00:12:23.480] [Server thread/INFO] [net.minecraft.server.MinecraftServer/]: [Not Secure] <Maufer772> mi mira mal ese ciclope
[15Dec2024 00:12:29.233] [Server thread/INFO] [net.minecraft.server.MinecraftServer/]: [Not Secure] <Topy_16> XD
[15Dec2024 00:12:32.081] [Server thread/INFO] [net.minecraft.server.MinecraftServer/]: [Not Secure] <mimy_pl> ve a matarlo
[15Dec2024 00:15:21.053] [Server thread/INFO] [net.minecraft.server.MinecraftServer/]: [Not Secure] <Maufer772> duerman
[15Dec2024 00:15:49.480] [Server thread/INFO] [net.minecraft.server.MinecraftServer/]: [Not Secure] <Maufer772> andy haste las palas mejoradas
[15Dec2024 00:15:55.052] [Server thread/INFO] [net.minecraft.server.MinecraftServer/]: [Not Secure] <Topy_16> ookk
[15Dec2024 00:16:07.429] [Server thread/INFO] [net.minecraft.server.MinecraftServer/]: [Not Secure] <Maufer772> se hacen con 9 palas
[15Dec2024 00:16:35.503] [Server thread/INFO] [net.minecraft.server.MinecraftServer/]: [Not Secure] <Topy_16> arriba seria mejor :v
[15Dec2024 00:17:18.591] [Server thread/INFO] [net.minecraft.server.MinecraftServer/]: [Not Secure] <Topy_16> voy a mina :v
[15Dec2024 00:17:25.633] [Server thread/INFO] [net.minecraft.server.MinecraftServer/]: [Not Secure] <Maufer772> yap
[15Dec2024 00:18:44.883] [Server thread/INFO] [net.minecraft.server.MinecraftServer/]: [Not Secure] <Topy_16> hay un nido de dragon cerca
[15Dec2024 00:18:51.954] [Server thread/INFO] [net.minecraft.server.MinecraftServer/]: [Not Secure] <Topy_16> y el dragon
[15Dec2024 00:18:53.005] [Server thread/INFO] [net.minecraft.server.MinecraftServer/]: [Not Secure] <Maufer772> hay 3 nidos
[15Dec2024 00:19:05.785] [Server thread/INFO] [net.minecraft.server.MinecraftServer/]: Topy_16 was turned into KFC by Fire Dragon
[15Dec2024 00:19:15.238] [Server thread/INFO] [net.minecraft.server.MinecraftServer/]: [Not Secure] <Maufer772> xd
[15Dec2024 00:20:25.900] [Server thread/WARN] [net.minecraft.world.level.entity.PersistentEntitySectionManager/]: UUID of added entity already exists: EntityDragonPart['Dragon Part'/17566, l='ServerLevel[world]', x=-900.04, y=69.43, z=944.12]
[15Dec2024 00:20:25.901] [Server thread/WARN] [net.minecraft.world.level.entity.PersistentEntitySectionManager/]: UUID of added entity already exists: EntityDragonPart['Dragon Part'/17567, l='ServerLevel[world]', x=-899.75, y=68.94, z=944.13]
[15Dec2024 00:20:25.902] [Server thread/WARN] [net.minecraft.world.level.entity.PersistentEntitySectionManager/]: UUID of added entity already exists: EntityDragonPart['Dragon Part'/17570, l='ServerLevel[world]', x=-898.03, y=68.39, z=944.64]
[15Dec2024 00:20:25.902] [Server thread/WARN] [net.minecraft.world.level.entity.PersistentEntitySectionManager/]: UUID of added entity already exists: EntityDragonPart['Dragon Part'/17571, l='ServerLevel[world]', x=-896.80, y=67.83, z=944.82]
[15Dec2024 00:20:25.902] [Server thread/WARN] [net.minecraft.world.level.entity.PersistentEntitySectionManager/]: UUID of added entity already exists: EntityDragonPart['Dragon Part'/17572, l='ServerLevel[world]', x=-899.77, y=68.66, z=944.05]
[15Dec2024 00:20:25.903] [Server thread/WARN] [net.minecraft.world.level.entity.PersistentEntitySectionManager/]: UUID of added entity already exists: EntityDragonPart['Dragon Part'/17573, l='ServerLevel[world]', x=-898.70, y=68.25, z=944.32]
[15Dec2024 00:20:25.903] [Server thread/WARN] [net.minecraft.world.level.entity.PersistentEntitySectionManager/]: UUID of added entity already exists: EntityDragonPart['Dragon Part'/17574, l='ServerLevel[world]', x=-897.76, y=67.97, z=944.56]
[15Dec2024 00:20:25.903] [Server thread/WARN] [net.minecraft.world.level.entity.PersistentEntitySectionManager/]: UUID of added entity already exists: EntityDragonPart['Dragon Part'/17575, l='ServerLevel[world]', x=-896.55, y=67.69, z=944.86]
[15Dec2024 00:20:39.032] [Server thread/INFO] [net.minecraft.server.MinecraftServer/]: [Not Secure] <Topy_16> has algo mauri :v
[15Dec2024 00:20:50.883] [Server thread/INFO] [net.minecraft.server.MinecraftServer/]: [Not Secure] <Maufer772> si
[15Dec2024 00:20:57.135] [Server thread/INFO] [net.minecraft.server.MinecraftServer/]: [Not Secure] <Maufer772> vi unas torres
[15Dec2024 00:21:11.337] [Server thread/INFO] [net.minecraft.server.MinecraftServer/]: [Not Secure] <Topy_16> estoy en ellow
[15Dec2024 00:22:27.954] [Server thread/INFO] [net.minecraft.server.MinecraftServer/]: Maufer772 fell from a high place
[15Dec2024 00:22:32.089] [Server thread/INFO] [net.minecraft.server.MinecraftServer/]: [Not Secure] <Topy_16> XD
[15Dec2024 00:22:39.202] [Server thread/INFO] [net.minecraft.server.MinecraftServer/]: [Not Secure] <Maufer772> paar recuperar vida
[15Dec2024 00:22:43.444] [Server thread/INFO] [net.minecraft.server.MinecraftServer/]: [Not Secure] <Maufer772> pro tip
[15Dec2024 00:24:01.348] [Server thread/INFO] [net.minecraft.server.MinecraftServer/]: Topy_16 fell from a high place
[15Dec2024 00:24:09.765] [Server thread/INFO] [net.minecraft.server.MinecraftServer/]: [Not Secure] <Maufer772> wow
[15Dec2024 00:24:14.189] [Server thread/INFO] [net.minecraft.server.MinecraftServer/]: [Not Secure] <Topy_16> estaba de espaldas
[15Dec2024 00:25:23.852] [Server thread/INFO] [net.minecraft.server.MinecraftServer/]: [Not Secure] <Topy_16> ve a la casa oe
[15Dec2024 00:25:29.706] [Server thread/INFO] [net.minecraft.server.MinecraftServer/]: [Not Secure] <Topy_16> Xd
[15Dec2024 00:25:34.694] [Server thread/INFO] [net.minecraft.server.MinecraftServer/]: [Not Secure] <Maufer772> ayuda a hacer la casa tambien no
[15Dec2024 00:25:49.447] [Server thread/INFO] [net.minecraft.server.MinecraftServer/]: [Not Secure] <Topy_16> yo estoy por minerales
[15Dec2024 00:27:18.847] [Server thread/INFO] [net.minecraft.server.MinecraftServer/]: [Not Secure] <mimy_pl> donde estan?
[15Dec2024 00:27:21.896] [Server thread/INFO] [net.minecraft.server.MinecraftServer/]: [Not Secure] <mimy_pl> se oscurece
[15Dec2024 00:27:36.988] [Server thread/INFO] [net.minecraft.server.MinecraftServer/]: [Not Secure] <Maufer772> pipipi
[15Dec2024 00:27:46.055] [Server thread/INFO] [net.minecraft.server.MinecraftServer/]: [Not Secure] <Maufer772> nollego
[15Dec2024 00:27:56.040] [Server thread/INFO] [net.minecraft.server.MinecraftServer/]: [Not Secure] <Topy_16> tampoco
[15Dec2024 00:27:59.896] [Server thread/INFO] [net.minecraft.server.MinecraftServer/]: [Not Secure] <Topy_16> aguanten noche
[15Dec2024 00:28:01.833] [Server thread/INFO] [net.minecraft.server.MinecraftServer/]: Maufer772 was slain by Zombie
[15Dec2024 00:28:08.247] [Server thread/INFO] [net.minecraft.server.MinecraftServer/]: [Not Secure] <Topy_16> duerme mauri
[15Dec2024 00:28:17.641] [Server thread/INFO] [net.minecraft.server.MinecraftServer/]: [Not Secure] <Maufer772> dale
[15Dec2024 00:28:37.537] [Server thread/INFO] [net.minecraft.server.MinecraftServer/]: [Not Secure] <Maufer772> dale pe
[15Dec2024 00:30:08.150] [Server thread/INFO] [net.minecraft.server.MinecraftServer/]: Topy_16 has completed the challenge [Back To Hell]
[15Dec2024 00:30:16.386] [Server thread/INFO] [net.minecraft.server.MinecraftServer/]: [Not Secure] <Topy_16> LO MATEEE
[15Dec2024 00:30:24.857] [Server thread/INFO] [net.minecraft.server.MinecraftServer/]: [Not Secure] <Maufer772> tan choys
[15Dec2024 00:30:36.390] [Server thread/INFO] [net.minecraft.server.MinecraftServer/]: Maufer772 has made the advancement [Double Trouble]
[15Dec2024 00:31:20.535] [Server thread/INFO] [net.minecraft.server.MinecraftServer/]: Maufer772 was killed by Necromancer's magic missile
[15Dec2024 00:31:25.934] [Server thread/INFO] [net.minecraft.server.network.ServerGamePacketListenerImpl/]: Topy_16 lost connection: Timed out
[15Dec2024 00:31:25.935] [Server thread/INFO] [net.minecraft.server.MinecraftServer/]: Topy_16 left the game
[15Dec2024 00:31:36.225] [Server thread/INFO] [net.minecraft.server.network.ServerGamePacketListenerImpl/]: mimy_pl lost connection: Timed out
[15Dec2024 00:31:36.226] [Server thread/INFO] [net.minecraft.server.MinecraftServer/]: mimy_pl left the game
[15Dec2024 00:32:22.667] [Server thread/INFO] [net.minecraft.server.MinecraftServer/]: [Maufer772: Set the time to 1000]
[15Dec2024 00:32:31.599] [Server thread/INFO] [net.minecraft.server.MinecraftServer/]: [Maufer772: Set own game mode to Creative Mode]
